[2021-08-13 14:21:42] DEBUG [web.contollers.CM.WCM010_S101Controller:9] main, GET
[2021-08-13 14:21:54] DEBUG [web.contollers.CM.WCM010_S101Controller:9] main, GET
[2021-08-13 14:21:56] DEBUG [web.contollers.CM.WCM010_S101Controller:9] main, GET
[2021-08-13 14:22:02] DEBUG [web.contollers.CM.WCM010_S101Controller:9] main, GET
[2021-08-13 14:22:15] DEBUG [web.contollers.CM.WCM010_S101Controller:9] main, GET
[2021-08-13 14:22:35] DEBUG [web.contollers.CM.WCM010_S101Controller:9] main, GET
[2021-08-13 14:42:54] DEBUG [web.contollers.CM.WCM010_S101Controller:12] main, GET
[2021-08-13 15:03:14] DEBUG [web.views:19] pubHistory, GET
[2021-08-13 16:15:27] DEBUG [web.view.CM.WCM010_S101:12] main, GET
[2021-08-20 15:46:43] DEBUG [web.view.CM.WCM010_S101:12] main, GET
[2021-08-22 15:29:47] DEBUG [web.view.CMM.WMB_100:12] main, GET
[2021-08-22 17:21:08] DEBUG [web.view.CMM.WMB_100:12] main, GET
[2021-08-22 19:08:45] DEBUG [web.view.CMM.WMB_100:12] main, GET
[2021-08-22 19:09:39] DEBUG [web.view.CMM.WMB_100:12] main, GET
[2021-08-22 19:10:48] DEBUG [web.view.CMM.WMB_100:12] main, GET
[2021-08-22 19:13:10] DEBUG [web.view.CM.WCM010_S101:12] main, GET
[2021-08-22 19:42:22] DEBUG [web.view.MB.WMB_100:12] main, GET
[2021-08-22 19:46:48] DEBUG [web.view.MB.WMB_100:22] main, GET
[2021-08-22 19:54:53] DEBUG [web.view.MB.WMB_100:22] main, GET
[2021-08-22 20:07:37] DEBUG [web.view.MB.WMB_100:22] main, GET
[2021-08-22 20:07:38] DEBUG [web.view.MB.WMB_100:22] main, GET
[2021-08-22 20:08:30] DEBUG [web.view.MB.WMB_100:22] main, GET
[2021-08-22 20:08:46] DEBUG [web.view.MB.WMB_100:22] main, GET
[2021-08-22 20:08:58] DEBUG [web.view.MB.WMB_100:22] main, GET
[2021-08-22 20:09:30] DEBUG [web.view.MB.WMB_100:22] main, GET
[2021-08-22 20:11:54] DEBUG [web.view.MB.WMB_100:22] main, GET
[2021-08-22 20:12:41] DEBUG [web.view.MB.WMB_100:22] main, GET
[2021-08-22 20:14:04] DEBUG [web.view.MB.WMB_100:22] main, GET
[2021-08-22 20:16:31] DEBUG [web.view.MB.WMB_100:22] main, GET
[2021-08-22 20:39:36] DEBUG [web.view.MB.WMB_100:22] main, GET
[2021-08-22 20:40:10] DEBUG [web.view.MB.WMB_100:22] main, GET
[2021-08-22 20:42:59] DEBUG [web.view.MB.WMB_100:22] main, GET
[2021-08-22 20:43:24] DEBUG [web.view.MB.WMB_100:22] main, GET
[2021-08-22 20:50:11] DEBUG [web.view.MB.WMB_100:22] main, GET
[2021-08-22 21:06:44] DEBUG [web.view.MB.WMB_100:22] main, GET
[2021-08-22 21:07:40] DEBUG [web.view.MB.WMB_100:22] main, GET
[2021-08-22 21:07:43] ERROR [web.view.MB.WMB_100:79] join search error : type object 'datetime.datetime' has no attribute 'timedelta'
[2021-08-22 21:08:41] DEBUG [web.view.MB.WMB_100:23] main, GET
[2021-08-22 21:08:43] ERROR [web.view.MB.WMB_100:80] join search error : type object 'datetime.datetime' has no attribute 'timedelta'
[2021-08-22 21:09:59] DEBUG [web.view.MB.WMB_100:23] main, GET
[2021-08-22 21:10:01] DEBUG [web.view.MB.WMB_100:23] main, GET
[2021-08-22 21:10:04] ERROR [web.view.MB.WMB_100:80] join search error : type object 'datetime.datetime' has no attribute 'timedelta'
[2021-08-22 21:10:46] ERROR [web.view.MB.WMB_100:81] join search error : type object 'datetime.datetime' has no attribute 'timedelta'
[2021-08-22 21:13:14] ERROR [web.view.MB.WMB_100:81] join search error : type object 'datetime.datetime' has no attribute 'timedelta'
[2021-08-22 21:14:30] ERROR [web.view.MB.WMB_100:81] join search error : RqChk() missing 1 required positional argument: 'request'
[2021-08-22 21:14:59] DEBUG [web.view.MB.WMB_100:23] main, GET
[2021-08-22 21:15:11] DEBUG [web.view.MB.WMB_100:23] main, GET
[2021-08-22 21:15:38] DEBUG [web.view.MB.WMB_100:25] main, GET
[2021-08-22 21:15:42] DEBUG [web.view.MB.WMB_100:25] main, GET
[2021-08-23 10:34:45] DEBUG [web.view.MB.WMB_100:25] WMB_100 main, GET
[2021-08-23 10:34:46] DEBUG [web.view.MB.WMB_100:25] WMB_100 main, GET
[2021-08-23 10:35:37] DEBUG [web.view.MB.WMB_100:25] WMB_100 main, GET
[2021-08-23 10:36:29] DEBUG [web.view.MB.WMB_100:25] WMB_100 main, GET
[2021-08-23 10:36:29] DEBUG [web.view.MB.WMB_100:25] WMB_100 main, GET
[2021-08-23 10:39:35] DEBUG [web.view.MB.WMB_100:25] WMB_100 main, GET
[2021-08-23 10:39:36] DEBUG [web.view.MB.WMB_100:25] WMB_100 main, GET
[2021-08-23 10:40:31] DEBUG [web.view.MB.WMB_100:25] WMB_100 main, GET
[2021-08-23 10:40:31] DEBUG [web.view.MB.WMB_100:25] WMB_100 main, GET
[2021-08-23 10:52:12] DEBUG [web.view.MB.WMB_100:25] WMB_100 main, GET
[2021-08-23 10:52:12] DEBUG [web.view.MB.WMB_100:25] WMB_100 main, GET
[2021-08-23 10:53:15] DEBUG [web.view.MB.WMB_100:14] WMB_100 main, GET
[2021-08-23 10:53:15] DEBUG [web.view.MB.WMB_100:14] WMB_100 main, GET
[2021-08-23 10:55:42] DEBUG [web.view.MB.WMB_100:14] WMB_100 main, GET
[2021-08-23 10:55:43] DEBUG [web.view.MB.WMB_100:14] WMB_100 main, GET
[2021-08-23 13:20:56] DEBUG [web.view.MB.WMB_100:18] WMB_100 main, GET
[2021-08-23 13:21:52] DEBUG [web.view.MB.WMB_100:24] WMB_100 main, GET
[2021-08-23 13:23:03] DEBUG [web.view.MB.WMB_100:24] WMB_100 main, GET
[2021-08-23 13:37:23] DEBUG [web.view.MB.WMB_100:24] WMB_100 main, GET
[2021-08-23 13:39:25] DEBUG [web.view.MB.WMB_100:24] WMB_100 main, GET
[2021-08-23 13:39:50] DEBUG [web.view.MB.WMB_100:24] WMB_100 main, GET
[2021-08-23 13:43:22] DEBUG [web.view.MB.WMB_100:24] WMB_100 main, GET
[2021-08-23 13:43:42] DEBUG [web.view.MB.WMB_100:24] WMB_100 main, GET
[2021-08-23 13:44:27] DEBUG [web.view.MB.WMB_100:24] WMB_100 main, GET
[2021-08-23 13:44:56] DEBUG [web.view.MB.WMB_100:24] WMB_100 main, GET
[2021-08-23 13:46:53] DEBUG [web.view.MB.WMB_100:24] WMB_100 main, GET
[2021-08-23 13:47:02] DEBUG [web.view.MB.WMB_100:24] WMB_100 main, GET
[2021-08-23 14:09:56] DEBUG [web.view.MB.WMB_100:24] WMB_100 main, GET
[2021-08-23 14:11:09] DEBUG [web.view.MB.WMB_100:24] WMB_100 main, GET
[2021-08-23 14:11:21] DEBUG [web.view.MB.WMB_100:24] WMB_100 main, GET
[2021-08-23 15:37:21] DEBUG [web.view.MB.WMB_100:24] WMB_100 main, GET
[2021-08-23 15:39:30] DEBUG [web.view.MB.WMB_100:24] WMB_100 main, GET
[2021-08-23 15:40:31] DEBUG [web.view.MB.WMB_100:24] WMB_100 main, GET
[2021-08-23 15:41:37] DEBUG [web.view.MB.WMB_100:24] WMB_100 main, GET
[2021-08-23 16:48:11] DEBUG [web.view.MB.WMB_100:25] WMB_100 main, GET
[2021-08-23 16:49:06] ERROR [web.view.MB.WMB_100:109] procOpen error : list index out of range
[2021-08-23 16:50:48] ERROR [web.view.MB.WMB_100:110] procOpen error : list index out of range
[2021-08-23 16:53:59] ERROR [web.view.MB.WMB_100:110] procOpen error : list index out of range
Traceback (most recent call last):
  File "/Users/daesony/git/rlink/web/view/MB/WMB_100.py", line 86, in main
    paramVO = funcLogin(paramVO, ViewData["sessionInfo"])
  File "/Users/daesony/git/rlink/web/view/MB/WMB_100.py", line 123, in funcLogin
    sessionInfoVO["errMsg"] = str(rs[1])
IndexError: list index out of range
[2021-08-23 17:04:27] DEBUG [web.view.MB.WMB_100:25] WMB_100 main, GET
[2021-08-23 17:05:11] DEBUG [web.view.MB.WMB_100:25] WMB_100 main, GET
[2021-08-23 17:08:15] DEBUG [web.view.MB.WMB_100:25] WMB_100 main, GET
[2021-08-23 17:08:18] DEBUG [web.view.MB.WMB_100:25] WMB_100 main, GET
[2021-08-23 17:11:02] DEBUG [web.view.MB.WMB_100:25] WMB_100 main, GET
[2021-08-23 17:12:03] DEBUG [web.view.MB.WMB_100:25] WMB_100 main, GET
[2021-08-23 17:12:05] DEBUG [web.view.MB.WMB_100:25] WMB_100 main, GET
[2021-08-23 17:12:46] DEBUG [web.view.MB.WMB_100:25] WMB_100 main, GET
[2021-08-23 17:12:47] DEBUG [web.view.MB.WMB_100:25] WMB_100 main, GET
[2021-08-23 17:23:27] DEBUG [web.view.MB.WMB_100:25] WMB_100 main, GET
[2021-08-23 17:23:29] DEBUG [web.view.MB.WMB_100:25] WMB_100 main, GET
[2021-08-23 17:23:29] DEBUG [web.view.MB.WMB_100:25] WMB_100 main, GET
[2021-08-23 17:26:07] DEBUG [web.view.MB.WMB_100:25] WMB_100 main, GET
[2021-08-23 17:26:20] DEBUG [web.view.CMM.WCM_110:22] main, GET
[2021-08-23 17:27:10] DEBUG [web.view.MB.WMB_100:25] WMB_100 main, GET
[2021-08-23 17:27:21] DEBUG [web.view.CMM.WCM_110:22] main, GET
[2021-08-23 17:28:31] DEBUG [web.view.MB.WMB_100:25] WMB_100 main, GET
[2021-08-23 17:28:43] DEBUG [web.view.CMM.WCM_110:22] main, GET
[2021-08-23 17:32:11] DEBUG [web.view.MB.WMB_100:25] WMB_100 main, GET
[2021-08-23 17:32:30] DEBUG [web.view.CMM.WCM_110:22] main, GET
[2021-08-23 17:44:49] DEBUG [web.view.CMM.WCM_110:22] main, GET
[2021-08-24 11:28:22] DEBUG [web.view.MB.WMB_100:25] WMB_100 main, GET
[2021-08-24 11:34:16] DEBUG [web.view.MB.WMB_100:25] WMB_100 main, GET
[2021-08-24 11:34:32] DEBUG [web.view.CMM.WCM_110:21] /CMM/WCM_110 main, GET
[2021-08-24 11:34:54] DEBUG [web.view.MB.WMB_100:25] WMB_100 main, GET
[2021-08-24 11:35:10] DEBUG [web.view.CMM.WCM_110:21] /CMM/WCM_110 main, GET
[2021-08-24 11:36:27] DEBUG [web.view.MB.WMB_100:25] WMB_100 main, GET
[2021-08-24 11:36:35] DEBUG [web.view.CMM.WCM_110:21] /CMM/WCM_110 main, GET
[2021-08-24 11:45:36] DEBUG [web.view.MB.WMB_100:25] WMB_100 main, GET
[2021-08-24 11:45:45] DEBUG [web.view.CMM.WCM_110:69] /CMM/WCM_110 main, GET
[2021-08-24 11:46:13] DEBUG [web.view.MB.WMB_100:25] WMB_100 main, GET
[2021-08-24 11:46:19] DEBUG [web.view.CMM.WCM_110:69] /CMM/WCM_110 main, GET
[2021-08-24 11:48:49] DEBUG [web.view.MB.WMB_100:25] WMB_100 main, GET
[2021-08-24 11:48:59] DEBUG [web.view.CMM.WCM_110:69] /CMM/WCM_110 main, GET
[2021-08-24 11:51:20] DEBUG [web.view.MB.WMB_100:25] WMB_100 main, GET
[2021-08-24 11:51:30] DEBUG [web.view.CMM.WCM_110:69] /CMM/WCM_110 main, GET
[2021-08-24 11:57:17] DEBUG [web.view.MB.WMB_100:25] WMB_100 main, GET
[2021-08-24 11:57:18] DEBUG [web.view.CMM.WCM_110:69] /CMM/WCM_110 main, GET
[2021-08-24 11:58:37] DEBUG [web.view.MB.WMB_100:25] WMB_100 main, GET
[2021-08-24 11:58:38] DEBUG [web.view.CMM.WCM_110:69] /CMM/WCM_110 main, GET
[2021-08-24 11:59:08] DEBUG [web.view.MB.WMB_100:25] WMB_100 main, GET
[2021-08-24 11:59:10] DEBUG [web.view.CMM.WCM_110:69] /CMM/WCM_110 main, GET
[2021-08-24 11:59:37] DEBUG [web.view.MB.WMB_100:25] WMB_100 main, GET
[2021-08-24 11:59:38] DEBUG [web.view.CMM.WCM_110:69] /CMM/WCM_110 main, GET
[2021-08-24 11:59:58] DEBUG [web.view.MB.WMB_100:25] WMB_100 main, GET
[2021-08-24 11:59:59] DEBUG [web.view.CMM.WCM_110:69] /CMM/WCM_110 main, GET
[2021-08-24 13:19:39] DEBUG [web.view.MB.WMB_100:25] WMB_100 main, GET
[2021-08-24 13:19:41] DEBUG [web.view.CMM.WCM_110:69] /CMM/WCM_110 main, GET
[2021-08-24 13:22:56] DEBUG [web.view.MB.WMB_100:25] WMB_100 main, GET
[2021-08-24 13:22:58] DEBUG [web.view.CMM.WCM_110:69] /CMM/WCM_110 main, GET
[2021-08-24 13:23:27] DEBUG [web.view.MB.WMB_100:25] WMB_100 main, GET
[2021-08-24 13:23:29] DEBUG [web.view.CMM.WCM_110:69] /CMM/WCM_110 main, GET
[2021-08-24 13:23:59] DEBUG [web.view.MB.WMB_100:25] WMB_100 main, GET
[2021-08-24 13:24:00] DEBUG [web.view.CMM.WCM_110:69] /CMM/WCM_110 main, GET
[2021-08-24 13:24:24] DEBUG [web.view.MB.WMB_100:25] WMB_100 main, GET
[2021-08-24 13:24:26] DEBUG [web.view.CMM.WCM_110:69] /CMM/WCM_110 main, GET
[2021-08-24 13:30:39] DEBUG [web.view.MB.WMB_100:25] WMB_100 main, GET
[2021-08-24 13:30:41] DEBUG [web.view.CMM.WCM_110:69] /CMM/WCM_110 main, GET
[2021-08-24 13:31:43] DEBUG [web.view.MB.WMB_100:25] WMB_100 main, GET
[2021-08-24 13:31:44] DEBUG [web.view.CMM.WCM_110:69] /CMM/WCM_110 main, GET
[2021-08-24 13:33:27] DEBUG [web.view.MB.WMB_100:25] WMB_100 main, GET
[2021-08-24 13:33:29] DEBUG [web.view.CMM.WCM_110:69] /CMM/WCM_110 main, GET
[2021-08-24 14:10:54] DEBUG [web.view.MB.WMB_100:25] WMB_100 main, GET
[2021-08-24 14:10:56] DEBUG [web.view.CMM.WCM_110:69] /CMM/WCM_110 main, GET
[2021-08-24 14:11:37] DEBUG [web.view.MB.WMB_100:25] WMB_100 main, GET
[2021-08-24 14:11:39] DEBUG [web.view.CMM.WCM_110:69] /CMM/WCM_110 main, GET
[2021-08-24 14:13:20] DEBUG [web.view.MB.WMB_100:25] WMB_100 main, GET
[2021-08-24 14:13:21] DEBUG [web.view.CMM.WCM_110:69] /CMM/WCM_110 main, GET
[2021-08-24 14:14:52] DEBUG [web.view.CMM.WCM_110:69] /CMM/WCM_110 main, GET
[2021-08-24 14:14:54] DEBUG [web.view.CMM.WCM_110:69] /CMM/WCM_110 main, GET
[2021-08-24 14:15:09] DEBUG [web.view.CMM.WCM_110:69] /CMM/WCM_110 main, GET
[2021-08-24 14:33:25] DEBUG [web.view.MB.WMB_100:25] WMB_100 main, GET
[2021-08-24 14:33:27] DEBUG [web.view.CMM.WCM_110:69] /CMM/WCM_110 main, GET
[2021-08-24 14:38:15] DEBUG [web.view.MB.WMB_100:25] WMB_100 main, GET
[2021-08-24 14:38:17] DEBUG [web.view.CMM.WCM_110:69] /CMM/WCM_110 main, GET
[2021-08-24 14:38:20] DEBUG [web.view.CMM.WCM_110:69] /CMM/WCM_110 main, GET
[2021-08-24 14:39:20] DEBUG [web.view.MB.WMB_100:25] WMB_100 main, GET
[2021-08-24 14:39:22] DEBUG [web.view.CMM.WCM_110:69] /CMM/WCM_110 main, GET
[2021-08-24 14:40:37] DEBUG [web.view.MB.WMB_100:25] WMB_100 main, GET
[2021-08-24 14:40:39] DEBUG [web.view.CMM.WCM_110:69] /CMM/WCM_110 main, GET
[2021-08-24 14:42:42] DEBUG [web.view.MB.WMB_100:23] WMB_100 main, GET
[2021-08-24 14:42:44] DEBUG [web.view.CMM.WCM_110:69] /CMM/WCM_110 main, GET
[2021-08-25 12:07:46] DEBUG [web.view.CMM.WCM_110:69] /CMM/WCM_110 main, GET
[2021-08-25 12:08:04] DEBUG [web.view.MB.WMB_100:23] WMB_100 main, GET
[2021-08-25 12:08:06] DEBUG [web.view.CMM.WCM_110:69] /CMM/WCM_110 main, GET
[2021-08-25 12:10:18] DEBUG [web.view.CMM.WCM_110:69] /CMM/WCM_110 main, GET
[2021-08-25 12:13:41] DEBUG [web.view.CMM.WCM_110:69] /CMM/WCM_110 main, GET
[2021-08-25 12:14:54] DEBUG [web.view.CMM.WCM_110:69] /CMM/WCM_110 main, GET
[2021-08-25 12:14:56] DEBUG [web.view.CMM.WCM_110:69] /CMM/WCM_110 main, GET
[2021-08-25 12:16:25] DEBUG [web.view.CMM.WCM_110:69] /CMM/WCM_110 main, GET
[2021-08-25 12:16:49] DEBUG [web.view.CMM.WCM_110:69] /CMM/WCM_110 main, GET
[2021-08-25 12:19:32] DEBUG [web.view.CMM.WCM_110:69] /CMM/WCM_110 main, GET
[2021-08-25 12:19:33] DEBUG [web.view.CMM.WCM_110:69] /CMM/WCM_110 main, GET
[2021-08-25 12:46:32] DEBUG [web.view.CMM.WCM_110:69] /CMM/WCM_110 main, GET
[2021-08-25 12:46:35] DEBUG [web.view.CMM.WCM_110:69] /CMM/WCM_110 main, GET
[2021-08-25 12:46:38] DEBUG [web.view.CMM.WCM_110:69] /CMM/WCM_110 main, GET
[2021-08-25 12:47:17] DEBUG [web.view.CMM.WCM_110:69] /CMM/WCM_110 main, GET
[2021-08-25 12:47:22] DEBUG [web.view.CMM.WCM_110:69] /CMM/WCM_110 main, GET
[2021-08-25 12:47:47] DEBUG [web.view.CMM.WCM_110:69] /CMM/WCM_110 main, GET
[2021-08-25 12:48:34] DEBUG [web.view.CMM.WCM_110:69] /CMM/WCM_110 main, GET
[2021-08-25 12:49:01] DEBUG [web.view.CMM.WCM_110:69] /CMM/WCM_110 main, GET
[2021-08-25 12:49:39] DEBUG [web.view.CMM.WCM_110:69] /CMM/WCM_110 main, GET
[2021-08-25 12:49:49] DEBUG [web.view.CMM.WCM_110:69] /CMM/WCM_110 main, GET
[2021-08-25 12:49:50] DEBUG [web.view.CMM.WCM_110:69] /CMM/WCM_110 main, GET
[2021-08-25 12:49:51] DEBUG [web.view.CMM.WCM_110:69] /CMM/WCM_110 main, GET
[2021-08-25 12:50:00] DEBUG [web.view.CMM.WCM_110:69] /CMM/WCM_110 main, GET
[2021-08-25 12:56:22] DEBUG [web.view.CMM.WCM_110:69] /CMM/WCM_110 main, GET
[2021-08-25 12:58:23] DEBUG [web.view.CMM.WCM_110:69] /CMM/WCM_110 main, GET
[2021-08-25 12:59:01] DEBUG [web.view.CMM.WCM_110:69] /CMM/WCM_110 main, GET
[2021-08-25 12:59:22] DEBUG [web.view.CMM.WCM_110:69] /CMM/WCM_110 main, GET
[2021-08-25 13:02:13] DEBUG [web.view.CMM.WCM_110:69] /CMM/WCM_110 main, GET
[2021-08-25 13:02:34] DEBUG [web.view.CMM.WCM_110:69] /CMM/WCM_110 main, GET
[2021-08-25 14:00:58] DEBUG [web.view.MB.WMB_100:23] WMB_100 main, GET
[2021-08-25 14:01:04] DEBUG [web.view.CMM.WCM_110:72] /CMM/WCM_110 main, GET
[2021-08-25 14:01:19] DEBUG [web.view.CMM.WCM_110:72] /CMM/WCM_110 main, GET
[2021-08-25 14:01:22] DEBUG [web.view.CMM.WCM_200:16] procPmsLang, POST
[2021-08-25 14:01:22] DEBUG [web.view.CMM.WCM_110:72] /CMM/WCM_110 main, GET
[2021-08-25 14:01:27] DEBUG [web.view.CMM.WCM_200:16] procPmsLang, POST
[2021-08-25 14:01:27] DEBUG [web.view.CMM.WCM_110:72] /CMM/WCM_110 main, GET
[2021-08-25 14:01:32] DEBUG [web.view.CMM.WCM_200:16] procPmsLang, POST
[2021-08-25 14:01:32] DEBUG [web.view.CMM.WCM_110:72] /CMM/WCM_110 main, GET
[2021-08-25 14:01:35] DEBUG [web.view.CMM.WCM_200:16] procPmsLang, POST
[2021-08-25 14:01:35] DEBUG [web.view.CMM.WCM_110:72] /CMM/WCM_110 main, GET
[2021-08-25 14:01:44] DEBUG [web.view.CMM.WCM_110:72] /CMM/WCM_110 main, GET
[2021-08-25 14:01:47] DEBUG [web.view.CMM.WCM_200:16] procPmsLang, POST
[2021-08-25 14:01:47] DEBUG [web.view.CMM.WCM_110:72] /CMM/WCM_110 main, GET
[2021-08-25 14:01:50] DEBUG [web.view.CMM.WCM_200:16] procPmsLang, POST
[2021-08-25 14:01:50] DEBUG [web.view.CMM.WCM_110:72] /CMM/WCM_110 main, GET
[2021-08-25 14:01:55] DEBUG [web.view.CMM.WCM_110:72] /CMM/WCM_110 main, GET
[2021-08-25 14:02:16] DEBUG [web.view.MB.WMB_100:23] WMB_100 main, GET
[2021-08-25 14:02:19] DEBUG [web.view.CMM.WCM_110:72] /CMM/WCM_110 main, GET
[2021-08-25 14:02:21] DEBUG [web.view.CMM.WCM_200:16] procPmsLang, POST
[2021-08-25 14:02:21] DEBUG [web.view.CMM.WCM_110:72] /CMM/WCM_110 main, GET
[2021-08-25 14:02:24] DEBUG [web.view.CMM.WCM_200:16] procPmsLang, POST
[2021-08-25 14:02:24] DEBUG [web.view.CMM.WCM_110:72] /CMM/WCM_110 main, GET
[2021-08-25 14:02:29] DEBUG [web.view.CMM.WCM_200:16] procPmsLang, POST
[2021-08-25 14:02:29] DEBUG [web.view.CMM.WCM_110:72] /CMM/WCM_110 main, GET
[2021-08-25 14:02:33] DEBUG [web.view.CMM.WCM_110:72] /CMM/WCM_110 main, GET
[2021-08-25 14:13:40] DEBUG [web.view.MB.WMB_100:23] WMB_100 main, GET
[2021-08-25 14:13:41] DEBUG [web.view.CMM.WCM_110:72] /CMM/WCM_110 main, GET
[2021-08-25 14:14:04] DEBUG [web.view.MB.WMB_100:23] WMB_100 main, GET
[2021-08-25 14:14:06] DEBUG [web.view.CMM.WCM_110:72] /CMM/WCM_110 main, GET
[2021-08-25 14:14:24] DEBUG [web.view.MB.WMB_100:23] WMB_100 main, GET
[2021-08-25 14:14:26] DEBUG [web.view.CMM.WCM_110:72] /CMM/WCM_110 main, GET
[2021-08-25 14:15:15] DEBUG [web.view.MB.WMB_100:23] WMB_100 main, GET
[2021-08-25 14:15:16] DEBUG [web.view.MB.WMB_100:23] WMB_100 main, GET
[2021-08-25 14:15:17] DEBUG [web.view.CMM.WCM_110:72] /CMM/WCM_110 main, GET
[2021-08-25 14:17:59] DEBUG [web.view.MB.WMB_100:23] WMB_100 main, GET
[2021-08-25 14:18:01] DEBUG [web.view.CMM.WCM_110:72] /CMM/WCM_110 main, GET
[2021-08-25 14:18:15] DEBUG [web.view.MB.WMB_100:23] WMB_100 main, GET
[2021-08-25 14:18:17] DEBUG [web.view.CMM.WCM_110:72] /CMM/WCM_110 main, GET
[2021-08-25 14:32:39] DEBUG [web.view.MB.WMB_100:23] WMB_100 main, GET
[2021-08-25 14:32:41] DEBUG [web.view.CMM.WCM_110:72] /CMM/WCM_110 main, GET
[2021-08-25 18:13:21] DEBUG [web.view.MB.WMB_100:23] WMB_100 main, GET
[2021-08-25 18:13:24] DEBUG [web.view.CMM.WCM_110:73] /CMM/WCM_110 main, GET
